{"meta": {"format": 3, "version": "7.13.1", "timestamp": "2026-01-03T02:32:49.042430", "branch_coverage": true, "show_contexts": false}, "files": {"__init__.py": {"executed_lines": [1, 3, 6, 7, 8, 10, 11, 13, 14, 18, 20, 21, 22, 23, 24, 26, 30, 31, 32, 35, 42, 60, 61, 62], "summary": {"covered_lines": 24, "num_statements": 38, "percent_covered": 63.1578947368421, "percent_covered_display": "63", "missing_lines": 14, "excluded_lines": 0, "percent_statements_covered": 63.1578947368421, "percent_statements_covered_display": "63", "num_branches": 0, "num_partial_branches": 0, "covered_branches": 0, "missing_branches": 0, "percent_branches_covered": 100.0, "percent_branches_covered_display": "100"}, "missing_lines": [36, 38, 39, 43, 46, 47, 48, 49, 50, 53, 54, 55, 56, 57], "excluded_lines": [], "executed_branches": [], "missing_branches": [], "functions": {"_init_logging": {"executed_lines": [20, 21, 22, 23, 24, 26], "summary": {"covered_lines": 6, "num_statements": 6, "percent_covered": 100.0, "percent_covered_display": "100", "missing_lines": 0, "excluded_lines": 0, "percent_statements_covered": 100.0, "percent_statements_covered_display": "100", "num_branches": 0, "num_partial_branches": 0, "covered_branches": 0, "missing_branches": 0, "percent_branches_covered": 100.0, "percent_branches_covered_display": "100"}, "missing_lines": [], "excluded_lines": [], "start_line": 18, "executed_branches": [], "missing_branches": []}, "on_browser_will_show_context_menu": {"executed_lines": [], "summary": {"covered_lines": 0, "num_statements": 3, "percent_covered": 0.0, "percent_covered_display": "0", "missing_lines": 3, "excluded_lines": 0, "percent_statements_covered": 0.0, "percent_statements_covered_display": "0", "num_branches": 0, "num_partial_branches": 0, "covered_branches": 0, "missing_branches": 0, "percent_branches_covered": 100.0, "percent_branches_covered_display": "100"}, "missing_lines": [36, 38, 39], "excluded_lines": [], "start_line": 35, "executed_branches": [], "missing_branches": []}, "on_browser_menus_did_init": {"executed_lines": [], "summary": {"covered_lines": 0, "num_statements": 11, "percent_covered": 0.0, "percent_covered_display": "0", "missing_lines": 11, "excluded_lines": 0, "percent_statements_covered": 0.0, "percent_statements_covered_display": "0", "num_branches": 0, "num_partial_branches": 0, "covered_branches": 0, "missing_branches": 0, "percent_branches_covered": 100.0, "percent_branches_covered_display": "100"}, "missing_lines": [43, 46, 47, 48, 49, 50, 53, 54, 55, 56, 57], "excluded_lines": [], "start_line": 42, "executed_branches": [], "missing_branches": []}, "": {"executed_lines": [1, 3, 6, 7, 8, 10, 11, 13, 14, 18, 30, 31, 32, 35, 42, 60, 61, 62], "summary": {"covered_lines": 18, "num_statements": 18, "percent_covered": 100.0, "percent_covered_display": "100", "missing_lines": 0, "excluded_lines": 0, "percent_statements_covered": 100.0, "percent_statements_covered_display": "100", "num_branches": 0, "num_partial_branches": 0, "covered_branches": 0, "missing_branches": 0, "percent_branches_covered": 100.0, "percent_branches_covered_display": "100"}, "missing_lines": [], "excluded_lines": [], "start_line": 1, "executed_branches": [], "missing_branches": []}}, "classes": {"": {"executed_lines": [1, 3, 6, 7, 8, 10, 11, 13, 14, 18, 20, 21, 22, 23, 24, 26, 30, 31, 32, 35, 42, 60, 61, 62], "summary": {"covered_lines": 24, "num_statements": 38, "percent_covered": 63.1578947368421, "percent_covered_display": "63", "missing_lines": 14, "excluded_lines": 0, "percent_statements_covered": 63.1578947368421, "percent_statements_covered_display": "63", "num_branches": 0, "num_partial_branches": 0, "covered_branches": 0, "missing_branches": 0, "percent_branches_covered": 100.0, "percent_branches_covered_display": "100"}, "missing_lines": [36, 38, 39, 43, 46, 47, 48, 49, 50, 53, 54, 55, 56, 57], "excluded_lines": [], "start_line": 1, "executed_branches": [], "missing_branches": []}}}, "bundled_tts.py": {"executed_lines": [8, 10, 11, 12, 13, 14, 15, 20, 21, 22, 23, 24, 27, 29, 30, 31, 35, 38, 41, 42, 43, 46, 47, 50, 51, 52, 53, 54, 55, 58, 59, 62, 63, 64, 67, 68, 71, 72, 73, 76, 104, 129, 145, 160], "summary": {"covered_lines": 44, "num_statements": 88, "percent_covered": 42.592592592592595, "percent_covered_display": "43", "missing_lines": 44, "excluded_lines": 0, "percent_statements_covered": 50.0, "percent_statements_covered_display": "50", "num_branches": 20, "num_partial_branches": 0, "covered_branches": 2, "missing_branches": 18, "percent_branches_covered": 10.0, "percent_branches_covered_display": "10"}, "missing_lines": [79, 80, 88, 89, 90, 91, 92, 94, 95, 96, 97, 98, 99, 101, 106, 108, 109, 110, 118, 119, 120, 121, 122, 124, 125, 126, 138, 139, 140, 142, 151, 152, 153, 154, 155, 156, 157, 162, 163, 164, 165, 166, 167, 168], "excluded_lines": [], "executed_branches": [[30, -27], [30, 31]], "missing_branches": [[89, 90], [89, 92], [90, 89], [90, 91], [94, 95], [94, 101], [98, 94], [98, 99], [153, 154], [153, 155], [155, 156], [155, 157], [163, 164], [163, 168], [164, 165], [164, 166], [166, 163], [166, 167]], "functions": {"_setup_vendor_path": {"executed_lines": [29, 30, 31], "summary": {"covered_lines": 3, "num_statements": 3, "percent_covered": 100.0, "percent_covered_display": "100", "missing_lines": 0, "excluded_lines": 0, "percent_statements_covered": 100.0, "percent_statements_covered_display": "100", "num_branches": 2, "num_partial_branches": 0, "covered_branches": 2, "missing_branches": 0, "percent_branches_covered": 100.0, "percent_branches_covered_display": "100"}, "missing_lines": [], "excluded_lines": [], "start_line": 27, "executed_branches": [[30, -27], [30, 31]], "missing_branches": []}, "_synthesize_text": {"executed_lines": [], "summary": {"covered_lines": 0, "num_statements": 8, "percent_covered": 0.0, "percent_covered_display": "0", "missing_lines": 8, "excluded_lines": 0, "percent_statements_covered": 0.0, "percent_statements_covered_display": "0", "num_branches": 4, "num_partial_branches": 0, "covered_branches": 0, "missing_branches": 4, "percent_branches_covered": 0.0, "percent_branches_covered_display": "0"}, "missing_lines": [79, 94, 95, 96, 97, 98, 99, 101], "excluded_lines": [], "start_line": 76, "executed_branches": [], "missing_branches": [[94, 95], [94, 101], [98, 94], [98, 99]]}, "_synthesize_text._collect_audio": {"executed_lines": [], "summary": {"covered_lines": 0, "num_statements": 6, "percent_covered": 0.0, "percent_covered_display": "0", "missing_lines": 6, "excluded_lines": 0, "percent_statements_covered": 0.0, "percent_statements_covered_display": "0", "num_branches": 4, "num_partial_branches": 0, "covered_branches": 0, "missing_branches": 4, "percent_branches_covered": 0.0, "percent_branches_covered_display": "0"}, "missing_lines": [80, 88, 89, 90, 91, 92], "excluded_lines": [], "start_line": 79, "executed_branches": [], "missing_branches": [[89, 90], [89, 92], [90, 89], [90, 91]]}, "_synthesize_batch_async": {"executed_lines": [], "summary": {"covered_lines": 0, "num_statements": 5, "percent_covered": 0.0, "percent_covered_display": "0", "missing_lines": 5, "excluded_lines": 0, "percent_statements_covered": 0.0, "percent_statements_covered_display": "0", "num_branches": 0, "num_partial_branches": 0, "covered_branches": 0, "missing_branches": 0, "percent_branches_covered": 100.0, "percent_branches_covered_display": "100"}, "missing_lines": [106, 108, 124, 125, 126], "excluded_lines": [], "start_line": 104, "executed_branches": [], "missing_branches": []}, "_synthesize_batch_async.synthesize_with_limit": {"executed_lines": [], "summary": {"covered_lines": 0, "num_statements": 7, "percent_covered": 0.0, "percent_covered_display": "0", "missing_lines": 7, "excluded_lines": 0, "percent_statements_covered": 0.0, "percent_statements_covered_display": "0", "num_branches": 0, "num_partial_branches": 0, "covered_branches": 0, "missing_branches": 0, "percent_branches_covered": 100.0, "percent_branches_covered_display": "100"}, "missing_lines": [109, 110, 118, 119, 120, 121, 122], "excluded_lines": [], "start_line": 108, "executed_branches": [], "missing_branches": []}, "synthesize_batch": {"executed_lines": [], "summary": {"covered_lines": 0, "num_statements": 4, "percent_covered": 0.0, "percent_covered_display": "0", "missing_lines": 4, "excluded_lines": 0, "percent_statements_covered": 0.0, "percent_statements_covered_display": "0", "num_branches": 0, "num_partial_branches": 0, "covered_branches": 0, "missing_branches": 0, "percent_branches_covered": 100.0, "percent_branches_covered_display": "100"}, "missing_lines": [138, 139, 140, 142], "excluded_lines": [], "start_line": 129, "executed_branches": [], "missing_branches": []}, "synthesize_single": {"executed_lines": [], "summary": {"covered_lines": 0, "num_statements": 7, "percent_covered": 0.0, "percent_covered_display": "0", "missing_lines": 7, "excluded_lines": 0, "percent_statements_covered": 0.0, "percent_statements_covered_display": "0", "num_branches": 4, "num_partial_branches": 0, "covered_branches": 0, "missing_branches": 4, "percent_branches_covered": 0.0, "percent_branches_covered_display": "0"}, "missing_lines": [151, 152, 153, 154, 155, 156, 157], "excluded_lines": [], "start_line": 145, "executed_branches": [], "missing_branches": [[153, 154], [153, 155], [155, 156], [155, 157]]}, "results_to_json_list": {"executed_lines": [], "summary": {"covered_lines": 0, "num_statements": 7, "percent_covered": 0.0, "percent_covered_display": "0", "missing_lines": 7, "excluded_lines": 0, "percent_statements_covered": 0.0, "percent_statements_covered_display": "0", "num_branches": 6, "num_partial_branches": 0, "covered_branches": 0, "missing_branches": 6, "percent_branches_covered": 0.0, "percent_branches_covered_display": "0"}, "missing_lines": [162, 163, 164, 165, 166, 167, 168], "excluded_lines": [], "start_line": 160, "executed_branches": [], "missing_branches": [[163, 164], [163, 168], [164, 165], [164, 166], [166, 163], [166, 167]]}, "": {"executed_lines": [8, 10, 11, 12, 13, 14, 15, 20, 21, 22, 23, 24, 27, 35, 38, 41, 42, 43, 46, 47, 50, 51, 52, 53, 54, 55, 58, 59, 62, 63, 64, 67, 68, 71, 72, 73, 76, 104, 129, 145, 160], "summary": {"covered_lines": 41, "num_statements": 41, "percent_covered": 100.0, "percent_covered_display": "100", "missing_lines": 0, "excluded_lines": 0, "percent_statements_covered": 100.0, "percent_statements_covered_display": "100", "num_branches": 0, "num_partial_branches": 0, "covered_branches": 0, "missing_branches": 0, "percent_branches_covered": 100.0, "percent_branches_covered_display": "100"}, "missing_lines": [], "excluded_lines": [], "start_line": 1, "executed_branches": [], "missing_branches": []}}, "classes": {"TTSConfig": {"executed_lines": [], "summary": {"covered_lines": 0, "num_statements": 0, "percent_covered": 100.0, "percent_covered_display": "100", "missing_lines": 0, "excluded_lines": 0, "percent_statements_covered": 100.0, "percent_statements_covered_display": "100", "num_branches": 0, "num_partial_branches": 0, "covered_branches": 0, "missing_branches": 0, "percent_branches_covered": 100.0, "percent_branches_covered_display": "100"}, "missing_lines": [], "excluded_lines": [], "start_line": 47, "executed_branches": [], "missing_branches": []}, "TTSItem": {"executed_lines": [], "summary": {"covered_lines": 0, "num_statements": 0, "percent_covered": 100.0, "percent_covered_display": "100", "missing_lines": 0, "excluded_lines": 0, "percent_statements_covered": 100.0, "percent_statements_covered_display": "100", "num_branches": 0, "num_partial_branches": 0, "covered_branches": 0, "missing_branches": 0, "percent_branches_covered": 100.0, "percent_branches_covered_display": "100"}, "missing_lines": [], "excluded_lines": [], "start_line": 59, "executed_branches": [], "missing_branches": []}, "TTSResult": {"executed_lines": [], "summary": {"covered_lines": 0, "num_statements": 0, "percent_covered": 100.0, "percent_covered_display": "100", "missing_lines": 0, "excluded_lines": 0, "percent_statements_covered": 100.0, "percent_statements_covered_display": "100", "num_branches": 0, "num_partial_branches": 0, "covered_branches": 0, "missing_branches": 0, "percent_branches_covered": 100.0, "percent_branches_covered_display": "100"}, "missing_lines": [], "excluded_lines": [], "start_line": 68, "executed_branches": [], "missing_branches": []}, "": {"executed_lines": [8, 10, 11, 12, 13, 14, 15, 20, 21, 22, 23, 24, 27, 29, 30, 31, 35, 38, 41, 42, 43, 46, 47, 50, 51, 52, 53, 54, 55, 58, 59, 62, 63, 64, 67, 68, 71, 72, 73, 76, 104, 129, 145, 160], "summary": {"covered_lines": 44, "num_statements": 88, "percent_covered": 42.592592592592595, "percent_covered_display": "43", "missing_lines": 44, "excluded_lines": 0, "percent_statements_covered": 50.0, "percent_statements_covered_display": "50", "num_branches": 20, "num_partial_branches": 0, "covered_branches": 2, "missing_branches": 18, "percent_branches_covered": 10.0, "percent_branches_covered_display": "10"}, "missing_lines": [79, 80, 88, 89, 90, 91, 92, 94, 95, 96, 97, 98, 99, 101, 106, 108, 109, 110, 118, 119, 120, 121, 122, 124, 125, 126, 138, 139, 140, 142, 151, 152, 153, 154, 155, 156, 157, 162, 163, 164, 165, 166, 167, 168], "excluded_lines": [], "start_line": 1, "executed_branches": [[30, -27], [30, 31]], "missing_branches": [[89, 90], [89, 92], [90, 89], [90, 91], [94, 95], [94, 101], [98, 94], [98, 99], [153, 154], [153, 155], [155, 156], [155, 157], [163, 164], [163, 168], [164, 165], [164, 166], [166, 163], [166, 167]]}}}, "edge_tts_gen.py": {"executed_lines": [1, 3, 4, 5, 6, 7, 9, 10, 18, 19, 22, 23, 24, 33, 36, 37, 38, 39, 40, 41, 42, 45, 46, 47, 48, 51, 52, 53, 54, 57, 80, 86, 91, 92, 353, 356, 362, 397, 429, 438, 482, 537, 625, 627, 628, 629, 631, 634, 635, 636, 637, 638, 640, 642, 644, 654, 659, 660, 661, 662, 668, 669, 671, 672, 673, 674, 675, 676, 678, 679, 681, 686, 689, 704, 723], "summary": {"covered_lines": 75, "num_statements": 601, "percent_covered": 10.737386804657179, "percent_covered_display": "11", "missing_lines": 526, "excluded_lines": 0, "percent_statements_covered": 12.479201331114808, "percent_statements_covered_display": "12", "num_branches": 172, "num_partial_branches": 0, "covered_branches": 8, "missing_branches": 164, "percent_branches_covered": 4.651162790697675, "percent_branches_covered_display": "5"}, "missing_lines": [25, 27, 29, 30, 58, 60, 62, 63, 64, 65, 68, 69, 70, 71, 73, 76, 77, 81, 82, 83, 87, 88, 93, 94, 95, 96, 97, 99, 101, 103, 105, 107, 109, 110, 115, 116, 118, 119, 121, 122, 123, 124, 125, 126, 127, 128, 129, 130, 131, 133, 134, 135, 136, 137, 138, 139, 140, 143, 144, 146, 147, 149, 151, 152, 153, 155, 156, 157, 159, 160, 162, 163, 164, 165, 168, 169, 170, 172, 174, 175, 179, 180, 182, 183, 185, 186, 187, 190, 191, 192, 193, 194, 196, 198, 199, 200, 201, 203, 206, 207, 210, 211, 213, 214, 215, 216, 217, 218, 220, 221, 222, 224, 226, 228, 229, 230, 231, 232, 233, 234, 236, 237, 239, 240, 243, 246, 247, 248, 249, 254, 257, 258, 260, 261, 263, 264, 268, 269, 275, 276, 278, 279, 282, 283, 284, 286, 287, 288, 289, 290, 292, 293, 294, 295, 296, 297, 299, 302, 304, 305, 306, 307, 308, 310, 312, 316, 317, 319, 320, 321, 322, 323, 325, 327, 331, 332, 334, 335, 336, 337, 338, 340, 342, 346, 347, 349, 351, 354, 357, 358, 359, 360, 364, 366, 368, 371, 372, 374, 375, 381, 383, 385, 386, 387, 389, 392, 395, 398, 399, 401, 402, 407, 408, 411, 412, 417, 420, 421, 427, 431, 432, 433, 434, 436, 440, 441, 444, 447, 448, 449, 452, 454, 455, 456, 457, 458, 460, 461, 463, 464, 465, 468, 469, 470, 471, 472, 474, 475, 476, 479, 480, 489, 490, 493, 494, 495, 497, 498, 500, 501, 502, 503, 505, 506, 507, 508, 510, 511, 515, 516, 519, 522, 523, 526, 527, 528, 529, 531, 532, 533, 535, 538, 539, 540, 543, 544, 546, 547, 554, 556, 557, 563, 565, 566, 568, 569, 570, 571, 573, 574, 575, 576, 577, 578, 579, 580, 582, 583, 585, 588, 589, 590, 592, 594, 596, 599, 600, 602, 603, 604, 606, 608, 609, 610, 611, 612, 614, 615, 616, 617, 622, 663, 664, 665, 690, 691, 692, 693, 694, 695, 697, 698, 699, 701, 706, 707, 708, 709, 710, 712, 714, 715, 717, 718, 719, 720, 724, 725, 727, 728, 729, 734, 736, 737, 738, 739, 740, 741, 743, 744, 747, 750, 752, 755, 756, 757, 758, 759, 760, 761, 767, 770, 771, 772, 773, 774, 775, 776, 778, 779, 780, 782, 785, 786, 788, 789, 792, 793, 796, 798, 799, 801, 802, 806, 808, 809, 810, 811, 812, 820, 822, 823, 824, 825, 827, 828, 829, 830, 831, 832, 833, 838, 840, 841, 843, 845, 846, 847, 848, 849, 850, 851, 852, 853, 854, 855, 857, 858, 859, 862, 863, 864, 865, 866, 867, 869, 870, 871, 872, 873, 874, 875, 876, 877, 879, 881, 882, 883, 884, 885, 886, 887, 890, 892, 893, 894, 895, 896, 897, 899, 900, 902, 903, 905, 906, 907, 908, 909, 910, 911, 912, 913, 914, 915, 916, 917, 918, 919, 920, 921, 922, 924, 926, 927, 928, 929, 931, 932, 934, 935, 938, 941, 943, 946, 948, 949, 950, 951, 952, 954, 955, 956, 959, 960, 963, 966, 967, 968, 969, 970, 971, 972, 974, 975, 976, 989], "excluded_lines": [], "executed_branches": [[627, 628], [627, 631], [671, 672], [671, 681], [672, 673], [672, 675], [675, 676], [675, 678]], "missing_branches": [[62, 63], [62, 77], [64, 65], [64, 68], [70, 71], [70, 73], [109, 110], [109, 118], [126, 127], [126, 143], [127, 128], [127, 130], [128, 129], [128, 133], [130, 131], [130, 133], [133, 134], [133, 136], [134, 135], [134, 138], [136, 137], [136, 138], [191, 192], [191, 193], [193, 194], [193, 196], [216, 217], [216, 218], [226, 228], [226, 239], [230, 231], [230, 236], [231, 232], [231, 234], [246, 247], [246, 263], [286, 287], [286, 292], [364, 366], [364, 395], [371, 372], [371, 392], [374, 375], [374, 383], [401, 402], [401, 411], [411, 412], [411, 420], [420, 421], [420, 427], [431, 432], [431, 433], [433, 434], [433, 436], [440, 441], [440, 444], [448, 449], [448, 452], [454, 455], [454, 479], [456, 457], [456, 460], [468, 469], [468, 474], [470, 471], [470, 472], [479, -438], [479, 480], [489, 490], [489, 493], [494, 495], [494, 500], [497, 498], [497, 500], [502, 503], [502, 505], [510, 511], [510, 515], [522, 523], [522, 526], [526, 527], [526, 531], [528, 529], [528, 531], [532, 533], [532, 535], [539, 540], [539, 543], [546, 547], [546, 556], [556, 557], [556, 565], [568, 569], [568, 585], [693, 694], [693, 697], [698, 699], [698, 701], [707, -704], [707, 708], [712, 707], [712, 714], [715, 707], [715, 717], [727, 728], [727, 736], [737, 738], [737, 989], [739, 740], [739, 743], [755, 756], [755, 770], [785, 786], [785, 788], [798, 799], [798, 801], [801, 802], [801, 806], [810, 811], [810, 812], [857, 858], [857, 879], [862, 863], [862, 869], [870, 871], [870, 876], [879, 881], [879, 892], [881, 882], [881, 890], [883, 884], [883, 885], [885, 886], [885, 887], [894, 895], [894, 959], [895, 896], [895, 899], [905, 906], [905, 954], [909, 910], [909, 916], [912, 913], [912, 915], [916, 917], [916, 924], [919, 920], [919, 922], [941, 943], [941, 946], [950, 905], [950, 951], [954, 894], [954, 955], [959, 960], [959, 966], [966, 967], [966, 974], [968, 969], [968, 970], [970, 971], [970, 972], [974, -845], [974, 975]], "functions": {"getCommonFields": {"executed_lines": [], "summary": {"covered_lines": 0, "num_statements": 13, "percent_covered": 0.0, "percent_covered_display": "0", "missing_lines": 13, "excluded_lines": 0, "percent_statements_covered": 0.0, "percent_statements_covered_display": "0", "num_branches": 6, "num_partial_branches": 0, "covered_branches": 0, "missing_branches": 6, "percent_branches_covered": 0.0, "percent_branches_covered_display": "0"}, "missing_lines": [58, 60, 62, 63, 64, 65, 68, 69, 70, 71, 73, 76, 77], "excluded_lines": [], "start_line": 57, "executed_branches": [], "missing_branches": [[62, 63], [62, 77], [64, 65], [64, 68], [70, 71], [70, 73]]}, "getSpeakerList": {"executed_lines": [], "summary": {"covered_lines": 0, "num_statements": 3, "percent_covered": 0.0, "percent_covered_display": "0", "missing_lines": 3, "excluded_lines": 0, "percent_statements_covered": 0.0, "percent_statements_covered_display": "0", "num_branches": 0, "num_partial_branches": 0, "covered_branches": 0, "missing_branches": 0, "percent_branches_covered": 100.0, "percent_branches_covered_display": "100"}, "missing_lines": [81, 82, 83], "excluded_lines": [], "start_line": 80, "executed_branches": [], "missing_branches": []}, "getSpeaker": {"executed_lines": [], "summary": {"covered_lines": 0, "num_statements": 2, "percent_covered": 0.0, "percent_covered_display": "0", "missing_lines": 2, "excluded_lines": 0, "percent_statements_covered": 0.0, "percent_statements_covered_display": "0", "num_branches": 0, "num_partial_branches": 0, "covered_branches": 0, "missing_branches": 0, "percent_branches_covered": 100.0, "percent_branches_covered_display": "100"}, "missing_lines": [87, 88], "excluded_lines": [], "start_line": 86, "executed_branches": [], "missing_branches": []}, "MyDialog.__init__": {"executed_lines": [], "summary": {"covered_lines": 0, "num_statements": 159, "percent_covered": 0.0, "percent_covered_display": "0", "missing_lines": 159, "excluded_lines": 0, "percent_statements_covered": 0.0, "percent_statements_covered_display": "0", "num_branches": 32, "num_partial_branches": 0, "covered_branches": 0, "missing_branches": 32, "percent_branches_covered": 0.0, "percent_branches_covered_display": "0"}, "missing_lines": [93, 94, 95, 96, 97, 99, 101, 103, 105, 107, 109, 110, 115, 116, 118, 119, 121, 122, 123, 124, 125, 126, 127, 128, 129, 130, 131, 133, 134, 135, 136, 137, 138, 139, 140, 143, 144, 146, 147, 149, 151, 152, 153, 155, 156, 157, 159, 160, 162, 163, 164, 165, 168, 169, 170, 172, 174, 175, 179, 180, 182, 183, 185, 186, 187, 190, 191, 192, 193, 194, 196, 198, 199, 200, 201, 203, 206, 207, 210, 211, 213, 214, 215, 216, 217, 218, 220, 221, 222, 224, 226, 228, 229, 230, 231, 232, 233, 234, 236, 237, 239, 240, 243, 246, 247, 248, 249, 254, 257, 258, 260, 261, 263, 264, 268, 269, 275, 276, 278, 279, 282, 283, 284, 286, 287, 288, 289, 290, 292, 302, 304, 305, 306, 307, 308, 310, 312, 316, 317, 319, 320, 321, 322, 323, 325, 327, 331, 332, 334, 335, 336, 337, 338, 340, 342, 346, 347, 349, 351], "excluded_lines": [], "start_line": 92, "executed_branches": [], "missing_branches": [[109, 110], [109, 118], [126, 127], [126, 143], [127, 128], [127, 130], [128, 129], [128, 133], [130, 131], [130, 133], [133, 134], [133, 136], [134, 135], [134, 138], [136, 137], [136, 138], [191, 192], [191, 193], [193, 194], [193, 196], [216, 217], [216, 218], [226, 228], [226, 239], [230, 231], [230, 236], [231, 232], [231, 234], [246, 247], [246, 263], [286, 287], [286, 292]]}, "MyDialog.__init__.update_slider": {"executed_lines": [], "summary": {"covered_lines": 0, "num_statements": 2, "percent_covered": 0.0, "percent_covered_display": "0", "missing_lines": 2, "excluded_lines": 0, "percent_statements_covered": 0.0, "percent_statements_covered_display": "0", "num_branches": 0, "num_partial_branches": 0, "covered_branches": 0, "missing_branches": 0, "percent_branches_covered": 100.0, "percent_branches_covered_display": "100"}, "missing_lines": [293, 299], "excluded_lines": [], "start_line": 292, "executed_branches": [], "missing_branches": []}, "MyDialog.__init__.update_slider.update_this_slider": {"executed_lines": [], "summary": {"covered_lines": 0, "num_statements": 4, "percent_covered": 0.0, "percent_covered_display": "0", "missing_lines": 4, "excluded_lines": 0, "percent_statements_covered": 0.0, "percent_statements_covered_display": "0", "num_branches": 0, "num_partial_branches": 0, "covered_branches": 0, "missing_branches": 0, "percent_branches_covered": 100.0, "percent_branches_covered_display": "100"}, "missing_lines": [294, 295, 296, 297], "excluded_lines": [], "start_line": 293, "executed_branches": [], "missing_branches": []}, "MyDialog._reset_preview_cache": {"executed_lines": [], "summary": {"covered_lines": 0, "num_statements": 1, "percent_covered": 0.0, "percent_covered_display": "0", "missing_lines": 1, "excluded_lines": 0, "percent_statements_covered": 0.0, "percent_statements_covered_display": "0", "num_branches": 0, "num_partial_branches": 0, "covered_branches": 0, "missing_branches": 0, "percent_branches_covered": 100.0, "percent_branches_covered_display": "100"}, "missing_lines": [354], "excluded_lines": [], "start_line": 353, "executed_branches": [], "missing_branches": []}, "MyDialog._get_preview_parameters": {"executed_lines": [], "summary": {"covered_lines": 0, "num_statements": 4, "percent_covered": 0.0, "percent_covered_display": "0", "missing_lines": 4, "excluded_lines": 0, "percent_statements_covered": 0.0, "percent_statements_covered_display": "0", "num_branches": 0, "num_partial_branches": 0, "covered_branches": 0, "missing_branches": 0, "percent_branches_covered": 100.0, "percent_branches_covered_display": "100"}, "missing_lines": [357, 358, 359, 360], "excluded_lines": [], "start_line": 356, "executed_branches": [], "missing_branches": []}, "MyDialog.onDestinationChanged": {"executed_lines": [], "summary": {"covered_lines": 0, "num_statements": 15, "percent_covered": 0.0, "percent_covered_display": "0", "missing_lines": 15, "excluded_lines": 0, "percent_statements_covered": 0.0, "percent_statements_covered_display": "0", "num_branches": 6, "num_partial_branches": 0, "covered_branches": 0, "missing_branches": 6, "percent_branches_covered": 0.0, "percent_branches_covered_display": "0"}, "missing_lines": [364, 366, 368, 371, 372, 374, 375, 381, 383, 385, 386, 387, 389, 392, 395], "excluded_lines": [], "start_line": 362, "executed_branches": [], "missing_branches": [[364, 366], [364, 395], [371, 372], [371, 392], [374, 375], [374, 383]]}, "MyDialog.pre_accept": {"executed_lines": [], "summary": {"covered_lines": 0, "num_statements": 12, "percent_covered": 0.0, "percent_covered_display": "0", "missing_lines": 12, "excluded_lines": 0, "percent_statements_covered": 0.0, "percent_statements_covered_display": "0", "num_branches": 6, "num_partial_branches": 0, "covered_branches": 0, "missing_branches": 6, "percent_branches_covered": 0.0, "percent_branches_covered_display": "0"}, "missing_lines": [398, 399, 401, 402, 407, 408, 411, 412, 417, 420, 421, 427], "excluded_lines": [], "start_line": 397, "executed_branches": [], "missing_branches": [[401, 402], [401, 411], [411, 412], [411, 420], [420, 421], [420, 427]]}, "MyDialog.getAudioHandlingMode": {"executed_lines": [], "summary": {"covered_lines": 0, "num_statements": 5, "percent_covered": 0.0, "percent_covered_display": "0", "missing_lines": 5, "excluded_lines": 0, "percent_statements_covered": 0.0, "percent_statements_covered_display": "0", "num_branches": 4, "num_partial_branches": 0, "covered_branches": 0, "missing_branches": 4, "percent_branches_covered": 0.0, "percent_branches_covered_display": "0"}, "missing_lines": [431, 432, 433, 434, 436], "excluded_lines": [], "start_line": 429, "executed_branches": [], "missing_branches": [[431, 432], [431, 433], [433, 434], [433, 436]]}, "MyDialog._populatePreviewNoteCombo": {"executed_lines": [], "summary": {"covered_lines": 0, "num_statements": 27, "percent_covered": 0.0, "percent_covered_display": "0", "missing_lines": 27, "excluded_lines": 0, "percent_statements_covered": 0.0, "percent_statements_covered_display": "0", "num_branches": 14, "num_partial_branches": 0, "covered_branches": 0, "missing_branches": 14, "percent_branches_covered": 0.0, "percent_branches_covered_display": "0"}, "missing_lines": [440, 441, 444, 447, 448, 449, 452, 454, 455, 456, 457, 458, 460, 461, 463, 464, 465, 468, 469, 470, 471, 472, 474, 475, 476, 479, 480], "excluded_lines": [], "start_line": 438, "executed_branches": [], "missing_branches": [[440, 441], [440, 444], [448, 449], [448, 452], [454, 455], [454, 479], [456, 457], [456, 460], [468, 469], [468, 474], [470, 471], [470, 472], [479, -438], [479, 480]]}, "MyDialog._getPreviewTextFromNote": {"executed_lines": [], "summary": {"covered_lines": 0, "num_statements": 30, "percent_covered": 0.0, "percent_covered_display": "0", "missing_lines": 30, "excluded_lines": 0, "percent_statements_covered": 0.0, "percent_statements_covered_display": "0", "num_branches": 18, "num_partial_branches": 0, "covered_branches": 0, "missing_branches": 18, "percent_branches_covered": 0.0, "percent_branches_covered_display": "0"}, "missing_lines": [489, 490, 493, 494, 495, 497, 498, 500, 501, 502, 503, 505, 506, 507, 508, 510, 511, 515, 516, 519, 522, 523, 526, 527, 528, 529, 531, 532, 533, 535], "excluded_lines": [], "start_line": 482, "executed_branches": [], "missing_branches": [[489, 490], [489, 493], [494, 495], [494, 500], [497, 498], [497, 500], [502, 503], [502, 505], [510, 511], [510, 515], [522, 523], [522, 526], [526, 527], [526, 531], [528, 529], [528, 531], [532, 533], [532, 535]]}, "MyDialog.PreviewVoice": {"executed_lines": [], "summary": {"covered_lines": 0, "num_statements": 27, "percent_covered": 0.0, "percent_covered_display": "0", "missing_lines": 27, "excluded_lines": 0, "percent_statements_covered": 0.0, "percent_statements_covered_display": "0", "num_branches": 8, "num_partial_branches": 0, "covered_branches": 0, "missing_branches": 8, "percent_branches_covered": 0.0, "percent_branches_covered_display": "0"}, "missing_lines": [538, 539, 540, 543, 544, 546, 547, 554, 556, 557, 563, 565, 566, 568, 569, 570, 571, 573, 582, 583, 585, 588, 589, 590, 592, 596, 622], "excluded_lines": [], "start_line": 537, "executed_branches": [], "missing_branches": [[539, 540], [539, 543], [546, 547], [546, 556], [556, 557], [556, 565], [568, 569], [568, 585]]}, "MyDialog.PreviewVoice.play_cached": {"executed_lines": [], "summary": {"covered_lines": 0, "num_statements": 7, "percent_covered": 0.0, "percent_covered_display": "0", "missing_lines": 7, "excluded_lines": 0, "percent_statements_covered": 0.0, "percent_statements_covered_display": "0", "num_branches": 0, "num_partial_branches": 0, "covered_branches": 0, "missing_branches": 0, "percent_branches_covered": 100.0, "percent_branches_covered_display": "100"}, "missing_lines": [574, 575, 576, 577, 578, 579, 580], "excluded_lines": [], "start_line": 573, "executed_branches": [], "missing_branches": []}, "MyDialog.PreviewVoice.generate_preview": {"executed_lines": [], "summary": {"covered_lines": 0, "num_statements": 1, "percent_covered": 0.0, "percent_covered_display": "0", "missing_lines": 1, "excluded_lines": 0, "percent_statements_covered": 0.0, "percent_statements_covered_display": "0", "num_branches": 0, "num_partial_branches": 0, "covered_branches": 0, "missing_branches": 0, "percent_branches_covered": 100.0, "percent_branches_covered_display": "100"}, "missing_lines": [594], "excluded_lines": [], "start_line": 592, "executed_branches": [], "missing_branches": []}, "MyDialog.PreviewVoice.on_preview_done": {"executed_lines": [], "summary": {"covered_lines": 0, "num_statements": 10, "percent_covered": 0.0, "percent_covered_display": "0", "missing_lines": 10, "excluded_lines": 0, "percent_statements_covered": 0.0, "percent_statements_covered_display": "0", "num_branches": 0, "num_partial_branches": 0, "covered_branches": 0, "missing_branches": 0, "percent_branches_covered": 100.0, "percent_branches_covered_display": "100"}, "missing_lines": [599, 600, 602, 603, 604, 606, 614, 615, 616, 617], "excluded_lines": [], "start_line": 596, "executed_branches": [], "missing_branches": []}, "MyDialog.PreviewVoice.on_preview_done.play_preview": {"executed_lines": [], "summary": {"covered_lines": 0, "num_statements": 5, "percent_covered": 0.0, "percent_covered_display": "0", "missing_lines": 5, "excluded_lines": 0, "percent_statements_covered": 0.0, "percent_statements_covered_display": "0", "num_branches": 0, "num_partial_branches": 0, "covered_branches": 0, "missing_branches": 0, "percent_branches_covered": 100.0, "percent_branches_covered_display": "100"}, "missing_lines": [608, 609, 610, 611, 612], "excluded_lines": [], "start_line": 606, "executed_branches": [], "missing_branches": []}, "GenerateAudioBatch": {"executed_lines": [627, 628, 629, 631, 634, 635, 636, 637, 638, 640, 642, 644, 654, 659, 660, 661, 662, 668, 669, 671, 672, 673, 674, 675, 676, 678, 679, 681, 686], "summary": {"covered_lines": 29, "num_statements": 32, "percent_covered": 92.5, "percent_covered_display": "92", "missing_lines": 3, "excluded_lines": 0, "percent_statements_covered": 90.625, "percent_statements_covered_display": "91", "num_branches": 8, "num_partial_branches": 0, "covered_branches": 8, "missing_branches": 0, "percent_branches_covered": 100.0, "percent_branches_covered_display": "100"}, "missing_lines": [663, 664, 665], "excluded_lines": [], "start_line": 625, "executed_branches": [[627, 628], [627, 631], [671, 672], [671, 681], [672, 673], [672, 675], [675, 676], [675, 678]], "missing_branches": []}, "GenerateAudioQuery": {"executed_lines": [], "summary": {"covered_lines": 0, "num_statements": 10, "percent_covered": 0.0, "percent_covered_display": "0", "missing_lines": 10, "excluded_lines": 0, "percent_statements_covered": 0.0, "percent_statements_covered_display": "0", "num_branches": 4, "num_partial_branches": 0, "covered_branches": 0, "missing_branches": 4, "percent_branches_covered": 0.0, "percent_branches_covered_display": "0"}, "missing_lines": [690, 691, 692, 693, 694, 695, 697, 698, 699, 701], "excluded_lines": [], "start_line": 689, "executed_branches": [], "missing_branches": [[693, 694], [693, 697], [698, 699], [698, 701]]}, "addFieldToNoteTypes": {"executed_lines": [], "summary": {"covered_lines": 0, "num_statements": 12, "percent_covered": 0.0, "percent_covered_display": "0", "missing_lines": 12, "excluded_lines": 0, "percent_statements_covered": 0.0, "percent_statements_covered_display": "0", "num_branches": 6, "num_partial_branches": 0, "covered_branches": 0, "missing_branches": 6, "percent_branches_covered": 0.0, "percent_branches_covered_display": "0"}, "missing_lines": [706, 707, 708, 709, 710, 712, 714, 715, 717, 718, 719, 720], "excluded_lines": [], "start_line": 704, "executed_branches": [], "missing_branches": [[707, -704], [707, 708], [712, 707], [712, 714], [715, 707], [715, 717]]}, "onEdgeTTSOptionSelected": {"executed_lines": [], "summary": {"covered_lines": 0, "num_statements": 39, "percent_covered": 0.0, "percent_covered_display": "0", "missing_lines": 39, "excluded_lines": 0, "percent_statements_covered": 0.0, "percent_statements_covered_display": "0", "num_branches": 8, "num_partial_branches": 0, "covered_branches": 0, "missing_branches": 8, "percent_branches_covered": 0.0, "percent_branches_covered_display": "0"}, "missing_lines": [724, 725, 727, 728, 729, 734, 736, 737, 738, 739, 740, 741, 743, 744, 747, 750, 752, 755, 756, 757, 758, 759, 760, 761, 767, 770, 771, 772, 773, 774, 775, 776, 778, 808, 820, 827, 843, 845, 989], "excluded_lines": [], "start_line": 723, "executed_branches": [], "missing_branches": [[727, 728], [727, 736], [737, 738], [737, 989], [739, 740], [739, 743], [755, 756], [755, 770]]}, "onEdgeTTSOptionSelected.getNoteTextAndSpeaker": {"executed_lines": [], "summary": {"covered_lines": 0, "num_statements": 11, "percent_covered": 0.0, "percent_covered_display": "0", "missing_lines": 11, "excluded_lines": 0, "percent_statements_covered": 0.0, "percent_statements_covered_display": "0", "num_branches": 4, "num_partial_branches": 0, "covered_branches": 0, "missing_branches": 4, "percent_branches_covered": 0.0, "percent_branches_covered_display": "0"}, "missing_lines": [779, 780, 782, 792, 793, 796, 798, 799, 801, 802, 806], "excluded_lines": [], "start_line": 778, "executed_branches": [], "missing_branches": [[798, 799], [798, 801], [801, 802], [801, 806]]}, "onEdgeTTSOptionSelected.getNoteTextAndSpeaker._should_strip_whitespace": {"executed_lines": [], "summary": {"covered_lines": 0, "num_statements": 4, "percent_covered": 0.0, "percent_covered_display": "0", "missing_lines": 4, "excluded_lines": 0, "percent_statements_covered": 0.0, "percent_statements_covered_display": "0", "num_branches": 2, "num_partial_branches": 0, "covered_branches": 0, "missing_branches": 2, "percent_branches_covered": 0.0, "percent_branches_covered_display": "0"}, "missing_lines": [785, 786, 788, 789], "excluded_lines": [], "start_line": 782, "executed_branches": [], "missing_branches": [[785, 786], [785, 788]]}, "onEdgeTTSOptionSelected.updateProgress": {"executed_lines": [], "summary": {"covered_lines": 0, "num_statements": 4, "percent_covered": 0.0, "percent_covered_display": "0", "missing_lines": 4, "excluded_lines": 0, "percent_statements_covered": 0.0, "percent_statements_covered_display": "0", "num_branches": 2, "num_partial_branches": 0, "covered_branches": 0, "missing_branches": 2, "percent_branches_covered": 0.0, "percent_branches_covered_display": "0"}, "missing_lines": [809, 810, 811, 812], "excluded_lines": [], "start_line": 808, "executed_branches": [], "missing_branches": [[810, 811], [810, 812]]}, "onEdgeTTSOptionSelected.getFieldContent": {"executed_lines": [], "summary": {"covered_lines": 0, "num_statements": 4, "percent_covered": 0.0, "percent_covered_display": "0", "missing_lines": 4, "excluded_lines": 0, "percent_statements_covered": 0.0, "percent_statements_covered_display": "0", "num_branches": 0, "num_partial_branches": 0, "covered_branches": 0, "missing_branches": 0, "percent_branches_covered": 100.0, "percent_branches_covered_display": "100"}, "missing_lines": [822, 823, 824, 825], "excluded_lines": [], "start_line": 820, "executed_branches": [], "missing_branches": []}, "onEdgeTTSOptionSelected.on_done": {"executed_lines": [], "summary": {"covered_lines": 0, "num_statements": 9, "percent_covered": 0.0, "percent_covered_display": "0", "missing_lines": 9, "excluded_lines": 0, "percent_statements_covered": 0.0, "percent_statements_covered_display": "0", "num_branches": 0, "num_partial_branches": 0, "covered_branches": 0, "missing_branches": 0, "percent_branches_covered": 100.0, "percent_branches_covered_display": "100"}, "missing_lines": [828, 829, 830, 831, 832, 833, 838, 840, 841], "excluded_lines": [], "start_line": 827, "executed_branches": [], "missing_branches": []}, "onEdgeTTSOptionSelected.GenerateAudio": {"executed_lines": [], "summary": {"covered_lines": 0, "num_statements": 99, "percent_covered": 0.0, "percent_covered_display": "0", "missing_lines": 99, "excluded_lines": 0, "percent_statements_covered": 0.0, "percent_statements_covered_display": "0", "num_branches": 44, "num_partial_branches": 0, "covered_branches": 0, "missing_branches": 44, "percent_branches_covered": 0.0, "percent_branches_covered_display": "0"}, "missing_lines": [846, 847, 848, 849, 850, 851, 852, 853, 854, 855, 857, 858, 859, 862, 863, 864, 865, 866, 867, 869, 870, 871, 872, 873, 874, 875, 876, 877, 879, 881, 882, 883, 884, 885, 886, 887, 890, 892, 893, 894, 895, 896, 897, 899, 900, 902, 903, 905, 906, 907, 908, 909, 910, 911, 912, 913, 914, 915, 916, 917, 918, 919, 920, 921, 922, 924, 926, 927, 928, 929, 931, 932, 934, 935, 938, 941, 943, 946, 948, 949, 950, 951, 952, 954, 955, 956, 959, 960, 963, 966, 967, 968, 969, 970, 971, 972, 974, 975, 976], "excluded_lines": [], "start_line": 845, "executed_branches": [], "missing_branches": [[857, 858], [857, 879], [862, 863], [862, 869], [870, 871], [870, 876], [879, 881], [879, 892], [881, 882], [881, 890], [883, 884], [883, 885], [885, 886], [885, 887], [894, 895], [894, 959], [895, 896], [895, 899], [905, 906], [905, 954], [909, 910], [909, 916], [912, 913], [912, 915], [916, 917], [916, 924], [919, 920], [919, 922], [941, 943], [941, 946], [950, 905], [950, 951], [954, 894], [954, 955], [959, 960], [959, 966], [966, 967], [966, 974], [968, 969], [968, 970], [970, 971], [970, 972], [974, -845], [974, 975]]}, "": {"executed_lines": [1, 3, 4, 5, 6, 7, 9, 10, 18, 19, 22, 23, 24, 33, 36, 37, 38, 39, 40, 41, 42, 45, 46, 47, 48, 51, 52, 53, 54, 57, 80, 86, 91, 92, 353, 356, 362, 397, 429, 438, 482, 537, 625, 689, 704, 723], "summary": {"covered_lines": 46, "num_statements": 50, "percent_covered": 92.0, "percent_covered_display": "92", "missing_lines": 4, "excluded_lines": 0, "percent_statements_covered": 92.0, "percent_statements_covered_display": "92", "num_branches": 0, "num_partial_branches": 0, "covered_branches": 0, "missing_branches": 0, "percent_branches_covered": 100.0, "percent_branches_covered_display": "100"}, "missing_lines": [25, 27, 29, 30], "excluded_lines": [], "start_line": 1, "executed_branches": [], "missing_branches": []}}, "classes": {"ItemError": {"executed_lines": [], "summary": {"covered_lines": 0, "num_statements": 0, "percent_covered": 100.0, "percent_covered_display": "100", "missing_lines": 0, "excluded_lines": 0, "percent_statements_covered": 100.0, "percent_statements_covered_display": "100", "num_branches": 0, "num_partial_branches": 0, "covered_branches": 0, "missing_branches": 0, "percent_branches_covered": 100.0, "percent_branches_covered_display": "100"}, "missing_lines": [], "excluded_lines": [], "start_line": 46, "executed_branches": [], "missing_branches": []}, "BatchAudioResult": {"executed_lines": [], "summary": {"covered_lines": 0, "num_statements": 0, "percent_covered": 100.0, "percent_covered_display": "100", "missing_lines": 0, "excluded_lines": 0, "percent_statements_covered": 100.0, "percent_statements_covered_display": "100", "num_branches": 0, "num_partial_branches": 0, "covered_branches": 0, "missing_branches": 0, "percent_branches_covered": 100.0, "percent_branches_covered_display": "100"}, "missing_lines": [], "excluded_lines": [], "start_line": 52, "executed_branches": [], "missing_branches": []}, "MyDialog": {"executed_lines": [], "summary": {"covered_lines": 0, "num_statements": 309, "percent_covered": 0.0, "percent_covered_display": "0", "missing_lines": 309, "excluded_lines": 0, "percent_statements_covered": 0.0, "percent_statements_covered_display": "0", "num_branches": 88, "num_partial_branches": 0, "covered_branches": 0, "missing_branches": 88, "percent_branches_covered": 0.0, "percent_branches_covered_display": "0"}, "missing_lines": [93, 94, 95, 96, 97, 99, 101, 103, 105, 107, 109, 110, 115, 116, 118, 119, 121, 122, 123, 124, 125, 126, 127, 128, 129, 130, 131, 133, 134, 135, 136, 137, 138, 139, 140, 143, 144, 146, 147, 149, 151, 152, 153, 155, 156, 157, 159, 160, 162, 163, 164, 165, 168, 169, 170, 172, 174, 175, 179, 180, 182, 183, 185, 186, 187, 190, 191, 192, 193, 194, 196, 198, 199, 200, 201, 203, 206, 207, 210, 211, 213, 214, 215, 216, 217, 218, 220, 221, 222, 224, 226, 228, 229, 230, 231, 232, 233, 234, 236, 237, 239, 240, 243, 246, 247, 248, 249, 254, 257, 258, 260, 261, 263, 264, 268, 269, 275, 276, 278, 279, 282, 283, 284, 286, 287, 288, 289, 290, 292, 293, 294, 295, 296, 297, 299, 302, 304, 305, 306, 307, 308, 310, 312, 316, 317, 319, 320, 321, 322, 323, 325, 327, 331, 332, 334, 335, 336, 337, 338, 340, 342, 346, 347, 349, 351, 354, 357, 358, 359, 360, 364, 366, 368, 371, 372, 374, 375, 381, 383, 385, 386, 387, 389, 392, 395, 398, 399, 401, 402, 407, 408, 411, 412, 417, 420, 421, 427, 431, 432, 433, 434, 436, 440, 441, 444, 447, 448, 449, 452, 454, 455, 456, 457, 458, 460, 461, 463, 464, 465, 468, 469, 470, 471, 472, 474, 475, 476, 479, 480, 489, 490, 493, 494, 495, 497, 498, 500, 501, 502, 503, 505, 506, 507, 508, 510, 511, 515, 516, 519, 522, 523, 526, 527, 528, 529, 531, 532, 533, 535, 538, 539, 540, 543, 544, 546, 547, 554, 556, 557, 563, 565, 566, 568, 569, 570, 571, 573, 574, 575, 576, 577, 578, 579, 580, 582, 583, 585, 588, 589, 590, 592, 594, 596, 599, 600, 602, 603, 604, 606, 608, 609, 610, 611, 612, 614, 615, 616, 617, 622], "excluded_lines": [], "start_line": 91, "executed_branches": [], "missing_branches": [[109, 110], [109, 118], [126, 127], [126, 143], [127, 128], [127, 130], [128, 129], [128, 133], [130, 131], [130, 133], [133, 134], [133, 136], [134, 135], [134, 138], [136, 137], [136, 138], [191, 192], [191, 193], [193, 194], [193, 196], [216, 217], [216, 218], [226, 228], [226, 239], [230, 231], [230, 236], [231, 232], [231, 234], [246, 247], [246, 263], [286, 287], [286, 292], [364, 366], [364, 395], [371, 372], [371, 392], [374, 375], [374, 383], [401, 402], [401, 411], [411, 412], [411, 420], [420, 421], [420, 427], [431, 432], [431, 433], [433, 434], [433, 436], [440, 441], [440, 444], [448, 449], [448, 452], [454, 455], [454, 479], [456, 457], [456, 460], [468, 469], [468, 474], [470, 471], [470, 472], [479, -438], [479, 480], [489, 490], [489, 493], [494, 495], [494, 500], [497, 498], [497, 500], [502, 503], [502, 505], [510, 511], [510, 515], [522, 523], [522, 526], [526, 527], [526, 531], [528, 529], [528, 531], [532, 533], [532, 535], [539, 540], [539, 543], [546, 547], [546, 556], [556, 557], [556, 565], [568, 569], [568, 585]]}, "": {"executed_lines": [1, 3, 4, 5, 6, 7, 9, 10, 18, 19, 22, 23, 24, 33, 36, 37, 38, 39, 40, 41, 42, 45, 46, 47, 48, 51, 52, 53, 54, 57, 80, 86, 91, 92, 353, 356, 362, 397, 429, 438, 482, 537, 625, 627, 628, 629, 631, 634, 635, 636, 637, 638, 640, 642, 644, 654, 659, 660, 661, 662, 668, 669, 671, 672, 673, 674, 675, 676, 678, 679, 681, 686, 689, 704, 723], "summary": {"covered_lines": 75, "num_statements": 292, "percent_covered": 22.074468085106382, "percent_covered_display": "22", "missing_lines": 217, "excluded_lines": 0, "percent_statements_covered": 25.684931506849313, "percent_statements_covered_display": "26", "num_branches": 84, "num_partial_branches": 0, "covered_branches": 8, "missing_branches": 76, "percent_branches_covered": 9.523809523809524, "percent_branches_covered_display": "10"}, "missing_lines": [25, 27, 29, 30, 58, 60, 62, 63, 64, 65, 68, 69, 70, 71, 73, 76, 77, 81, 82, 83, 87, 88, 663, 664, 665, 690, 691, 692, 693, 694, 695, 697, 698, 699, 701, 706, 707, 708, 709, 710, 712, 714, 715, 717, 718, 719, 720, 724, 725, 727, 728, 729, 734, 736, 737, 738, 739, 740, 741, 743, 744, 747, 750, 752, 755, 756, 757, 758, 759, 760, 761, 767, 770, 771, 772, 773, 774, 775, 776, 778, 779, 780, 782, 785, 786, 788, 789, 792, 793, 796, 798, 799, 801, 802, 806, 808, 809, 810, 811, 812, 820, 822, 823, 824, 825, 827, 828, 829, 830, 831, 832, 833, 838, 840, 841, 843, 845, 846, 847, 848, 849, 850, 851, 852, 853, 854, 855, 857, 858, 859, 862, 863, 864, 865, 866, 867, 869, 870, 871, 872, 873, 874, 875, 876, 877, 879, 881, 882, 883, 884, 885, 886, 887, 890, 892, 893, 894, 895, 896, 897, 899, 900, 902, 903, 905, 906, 907, 908, 909, 910, 911, 912, 913, 914, 915, 916, 917, 918, 919, 920, 921, 922, 924, 926, 927, 928, 929, 931, 932, 934, 935, 938, 941, 943, 946, 948, 949, 950, 951, 952, 954, 955, 956, 959, 960, 963, 966, 967, 968, 969, 970, 971, 972, 974, 975, 976, 989], "excluded_lines": [], "start_line": 1, "executed_branches": [[627, 628], [627, 631], [671, 672], [671, 681], [672, 673], [672, 675], [675, 676], [675, 678]], "missing_branches": [[62, 63], [62, 77], [64, 65], [64, 68], [70, 71], [70, 73], [693, 694], [693, 697], [698, 699], [698, 701], [707, -704], [707, 708], [712, 707], [712, 714], [715, 707], [715, 717], [727, 728], [727, 736], [737, 738], [737, 989], [739, 740], [739, 743], [755, 756], [755, 770], [785, 786], [785, 788], [798, 799], [798, 801], [801, 802], [801, 806], [810, 811], [810, 812], [857, 858], [857, 879], [862, 863], [862, 869], [870, 871], [870, 876], [879, 881], [879, 892], [881, 882], [881, 890], [883, 884], [883, 885], [885, 886], [885, 887], [894, 895], [894, 959], [895, 896], [895, 899], [905, 906], [905, 954], [909, 910], [909, 916], [912, 913], [912, 915], [916, 917], [916, 924], [919, 920], [919, 922], [941, 943], [941, 946], [950, 905], [950, 951], [954, 894], [954, 955], [959, 960], [959, 966], [966, 967], [966, 974], [968, 969], [968, 970], [970, 971], [970, 972], [974, -845], [974, 975]]}}}, "logging_config.py": {"executed_lines": [13, 15, 16, 17, 21, 22, 23, 24, 27, 30, 33, 36, 39, 41, 42, 45, 47, 54, 57, 70, 73, 74, 77, 78, 81, 82, 83, 86, 87, 93, 96, 100, 102, 103, 106, 117, 118, 121, 122, 123, 125, 128, 129, 131, 132, 134, 137, 144, 147, 154, 155, 156, 157, 158], "summary": {"covered_lines": 54, "num_statements": 55, "percent_covered": 97.10144927536231, "percent_covered_display": "97", "missing_lines": 1, "excluded_lines": 0, "percent_statements_covered": 98.18181818181819, "percent_statements_covered_display": "98", "num_branches": 14, "num_partial_branches": 1, "covered_branches": 13, "missing_branches": 1, "percent_branches_covered": 92.85714285714286, "percent_branches_covered_display": "93"}, "missing_lines": [71], "excluded_lines": [], "executed_branches": [[70, 73], [81, 82], [81, 86], [117, 118], [117, 121], [121, 122], [121, 123], [123, 125], [123, 128], [131, 132], [131, 134], [157, -147], [157, 158]], "missing_branches": [[70, 71]], "functions": {"_get_addon_log_path": {"executed_lines": [41, 42], "summary": {"covered_lines": 2, "num_statements": 2, "percent_covered": 100.0, "percent_covered_display": "100", "missing_lines": 0, "excluded_lines": 0, "percent_statements_covered": 100.0, "percent_statements_covered_display": "100", "num_branches": 0, "num_partial_branches": 0, "covered_branches": 0, "missing_branches": 0, "percent_branches_covered": 100.0, "percent_branches_covered_display": "100"}, "missing_lines": [], "excluded_lines": [], "start_line": 39, "executed_branches": [], "missing_branches": []}, "_get_log_level": {"executed_lines": [47, 54], "summary": {"covered_lines": 2, "num_statements": 2, "percent_covered": 100.0, "percent_covered_display": "100", "missing_lines": 0, "excluded_lines": 0, "percent_statements_covered": 100.0, "percent_statements_covered_display": "100", "num_branches": 0, "num_partial_branches": 0, "covered_branches": 0, "missing_branches": 0, "percent_branches_covered": 100.0, "percent_branches_covered_display": "100"}, "missing_lines": [], "excluded_lines": [], "start_line": 45, "executed_branches": [], "missing_branches": []}, "configure_logging": {"executed_lines": [70, 73, 74, 77, 78, 81, 82, 83, 86, 87, 93, 96, 100, 102, 103], "summary": {"covered_lines": 15, "num_statements": 16, "percent_covered": 90.0, "percent_covered_display": "90", "missing_lines": 1, "excluded_lines": 0, "percent_statements_covered": 93.75, "percent_statements_covered_display": "94", "num_branches": 4, "num_partial_branches": 1, "covered_branches": 3, "missing_branches": 1, "percent_branches_covered": 75.0, "percent_branches_covered_display": "75"}, "missing_lines": [71], "excluded_lines": [], "start_line": 57, "executed_branches": [[70, 73], [81, 82], [81, 86]], "missing_branches": [[70, 71]]}, "get_logger": {"executed_lines": [117, 118, 121, 122, 123, 125, 128, 129, 131, 132, 134], "summary": {"covered_lines": 11, "num_statements": 11, "percent_covered": 100.0, "percent_covered_display": "100", "missing_lines": 0, "excluded_lines": 0, "percent_statements_covered": 100.0, "percent_statements_covered_display": "100", "num_branches": 8, "num_partial_branches": 0, "covered_branches": 8, "missing_branches": 0, "percent_branches_covered": 100.0, "percent_branches_covered_display": "100"}, "missing_lines": [], "excluded_lines": [], "start_line": 106, "executed_branches": [[117, 118], [117, 121], [121, 122], [121, 123], [123, 125], [123, 128], [131, 132], [131, 134]], "missing_branches": []}, "get_log_file_path": {"executed_lines": [144], "summary": {"covered_lines": 1, "num_statements": 1, "percent_covered": 100.0, "percent_covered_display": "100", "missing_lines": 0, "excluded_lines": 0, "percent_statements_covered": 100.0, "percent_statements_covered_display": "100", "num_branches": 0, "num_partial_branches": 0, "covered_branches": 0, "missing_branches": 0, "percent_branches_covered": 100.0, "percent_branches_covered_display": "100"}, "missing_lines": [], "excluded_lines": [], "start_line": 137, "executed_branches": [], "missing_branches": []}, "set_log_level": {"executed_lines": [154, 155, 156, 157, 158], "summary": {"covered_lines": 5, "num_statements": 5, "percent_covered": 100.0, "percent_covered_display": "100", "missing_lines": 0, "excluded_lines": 0, "percent_statements_covered": 100.0, "percent_statements_covered_display": "100", "num_branches": 2, "num_partial_branches": 0, "covered_branches": 2, "missing_branches": 0, "percent_branches_covered": 100.0, "percent_branches_covered_display": "100"}, "missing_lines": [], "excluded_lines": [], "start_line": 147, "executed_branches": [[157, -147], [157, 158]], "missing_branches": []}, "": {"executed_lines": [13, 15, 16, 17, 21, 22, 23, 24, 27, 30, 33, 36, 39, 45, 57, 106, 137, 147], "summary": {"covered_lines": 18, "num_statements": 18, "percent_covered": 100.0, "percent_covered_display": "100", "missing_lines": 0, "excluded_lines": 0, "percent_statements_covered": 100.0, "percent_statements_covered_display": "100", "num_branches": 0, "num_partial_branches": 0, "covered_branches": 0, "missing_branches": 0, "percent_branches_covered": 100.0, "percent_branches_covered_display": "100"}, "missing_lines": [], "excluded_lines": [], "start_line": 1, "executed_branches": [], "missing_branches": []}}, "classes": {"_LoggingState": {"executed_lines": [], "summary": {"covered_lines": 0, "num_statements": 0, "percent_covered": 100.0, "percent_covered_display": "100", "missing_lines": 0, "excluded_lines": 0, "percent_statements_covered": 100.0, "percent_statements_covered_display": "100", "num_branches": 0, "num_partial_branches": 0, "covered_branches": 0, "missing_branches": 0, "percent_branches_covered": 100.0, "percent_branches_covered_display": "100"}, "missing_lines": [], "excluded_lines": [], "start_line": 30, "executed_branches": [], "missing_branches": []}, "": {"executed_lines": [13, 15, 16, 17, 21, 22, 23, 24, 27, 30, 33, 36, 39, 41, 42, 45, 47, 54, 57, 70, 73, 74, 77, 78, 81, 82, 83, 86, 87, 93, 96, 100, 102, 103, 106, 117, 118, 121, 122, 123, 125, 128, 129, 131, 132, 134, 137, 144, 147, 154, 155, 156, 157, 158], "summary": {"covered_lines": 54, "num_statements": 55, "percent_covered": 97.10144927536231, "percent_covered_display": "97", "missing_lines": 1, "excluded_lines": 0, "percent_statements_covered": 98.18181818181819, "percent_statements_covered_display": "98", "num_branches": 14, "num_partial_branches": 1, "covered_branches": 13, "missing_branches": 1, "percent_branches_covered": 92.85714285714286, "percent_branches_covered_display": "93"}, "missing_lines": [71], "excluded_lines": [], "start_line": 1, "executed_branches": [[70, 73], [81, 82], [81, 86], [117, 118], [117, 121], [121, 122], [121, 123], [123, 125], [123, 128], [131, 132], [131, 134], [157, -147], [157, 158]], "missing_branches": [[70, 71]]}}}}, "totals": {"covered_lines": 197, "num_statements": 782, "percent_covered": 22.267206477732792, "percent_covered_display": "22", "missing_lines": 585, "excluded_lines": 0, "percent_statements_covered": 25.191815856777495, "percent_statements_covered_display": "25", "num_branches": 206, "num_partial_branches": 1, "covered_branches": 23, "missing_branches": 183, "percent_branches_covered": 11.16504854368932, "percent_branches_covered_display": "11"}}